<?xml version="1.0" encoding="UTF-8"?>
<!-- Generated by org.testng.reporters.JUnitXMLReporter -->
<testsuite hostname="Kondas-MacBook-Pro.local" name="Yahoo News Test" tests="2" failures="1" timestamp="12 Oct 2016 05:50:16 GMT" time="0.003" errors="0">
  <testcase name="todaynews" time="0.002" classname="Test.YahooNewsTest">
    <failure type="java.lang.AssertionError" message="expected [Goodyu] but found [Good]">
      <![CDATA[java.lang.AssertionError: expected [Goodyu] but found [Good]
	at Test.YahooNewsTest.todaynews(YahooNewsTest.java:26)
... Removed 30 stack frames]]>
    </failure>
  </testcase> <!-- todaynews -->
  <testcase name="yahoonews" time="0.0" classname="Test.YahooNewsTest"/>
</testsuite> <!-- Yahoo News Test -->
